Compilación iniciada a las 11/4/2014 10:41:03 PM.
     1>Proyecto "E:\ProyectoEstructuras2\ProyectoEstructuras2\ProyectoEstructuras2.vcxproj" en el nodo 2 (Build destinos).
     1>ClCompile:
         C:\Program Files (x86)\Microsoft Visual Studio 12.0\VC\bin\CL.exe /c /ZI /nologo /W3 /WX- /sdl /Od /Oy- /D _MBCS /Gm /EHsc /RTC1 /MDd /GS /fp:precise /Zc:wchar_t /Zc:forScope /Fo"Debug\\" /Fd"Debug\vc120.pdb" /Gd /TP /analyze- /errorReport:prompt Interfaz.cpp
         Interfaz.cpp
       Link:
         C:\Program Files (x86)\Microsoft Visual Studio 12.0\VC\bin\link.exe /ERRORREPORT:PROMPT /OUT:"E:\ProyectoEstructuras2\Debug\ProyectoEstructuras2.exe" /INCREMENTAL /NOLOGO kernel32.lib user32.lib gdi32.lib winspool.lib comdlg32.lib advapi32.lib shell32.lib ole32.lib oleaut32.lib uuid.lib odbc32.lib odbccp32.lib /MANIFEST /MANIFESTUAC:"level='asInvoker' uiAccess='false'" /manifest:embed /DEBUG /PDB:"E:\ProyectoEstructuras2\Debug\ProyectoEstructuras2.pdb" /TLBID:1 /DYNAMICBASE /NXCOMPAT /IMPLIB:"E:\ProyectoEstructuras2\Debug\ProyectoEstructuras2.lib" /MACHINE:X86 Debug\Arbol.obj
         Debug\ArbolLibros.obj
         Debug\ArbolTipos.obj
         Debug\Interfaz.obj
         Debug\Lectura.obj
         Debug\Libros.obj
         Debug\ListaISBN.obj
         Debug\main.obj
         Debug\Nodo.obj
         Debug\NodoLibro.obj
         Debug\NodoTipo.obj
         Debug\sstring.obj
         Debug\Tipo.obj
         ProyectoEstructuras2.vcxproj -> E:\ProyectoEstructuras2\Debug\ProyectoEstructuras2.exe
     1>Compilación del proyecto terminada "E:\ProyectoEstructuras2\ProyectoEstructuras2\ProyectoEstructuras2.vcxproj" (Build destinos).

Compilación correcta.

Tiempo transcurrido 00:00:01.06
