d:\proyectoestructuras2\proyectoestructuras2\debug\vc120.pdb
d:\proyectoestructuras2\proyectoestructuras2\debug\vc120.idb
d:\proyectoestructuras2\proyectoestructuras2\debug\arbol.obj
d:\proyectoestructuras2\proyectoestructuras2\debug\arbollibros.obj
d:\proyectoestructuras2\proyectoestructuras2\debug\arboltipos.obj
d:\proyectoestructuras2\proyectoestructuras2\debug\interfaz.obj
d:\proyectoestructuras2\proyectoestructuras2\debug\lectura.obj
d:\proyectoestructuras2\proyectoestructuras2\debug\libros.obj
d:\proyectoestructuras2\proyectoestructuras2\debug\listaisbn.obj
d:\proyectoestructuras2\proyectoestructuras2\debug\main.obj
d:\proyectoestructuras2\proyectoestructuras2\debug\nodo.obj
d:\proyectoestructuras2\proyectoestructuras2\debug\nodolibro.obj
d:\proyectoestructuras2\proyectoestructuras2\debug\nodotipo.obj
d:\proyectoestructuras2\proyectoestructuras2\debug\sstring.obj
d:\proyectoestructuras2\proyectoestructuras2\debug\tipo.obj
d:\proyectoestructuras2\debug\proyectoestructuras2.exe
d:\proyectoestructuras2\proyectoestructuras2\debug\proyecto.8da739db.tlog\cl.read.1.tlog
d:\proyectoestructuras2\proyectoestructuras2\debug\proyecto.8da739db.tlog\cl.write.1.tlog
d:\proyectoestructuras2\proyectoestructuras2\debug\proyecto.8da739db.tlog\cl.command.1.tlog
d:\proyectoestructuras2\proyectoestructuras2\debug\proyecto.8da739db.tlog\link.read.1.tlog
d:\proyectoestructuras2\proyectoestructuras2\debug\proyecto.8da739db.tlog\link.write.1.tlog
d:\proyectoestructuras2\proyectoestructuras2\debug\proyecto.8da739db.tlog\link.command.1.tlog
